<?xml version="1.0" encoding="UTF-8"?>
<!-- Generated by org.testng.reporters.JUnitReportReporter -->
<testsuite hostname="ldemoin3" failures="0" tests="1" name="com.eautotest.testcases.SearchTestCase" time="7.239" errors="0" timestamp="2024-08-21T07:01:27 IST" skipped="0">
  <testcase classname="com.eautotest.testcases.SearchTestCase" name="searchCourseTest" time="7.239"/>
</testsuite> <!-- com.eautotest.testcases.SearchTestCase -->
