<?xml version="1.0" encoding="UTF-8"?>
<!-- Generated by org.testng.reporters.JUnitReportReporter -->
<testsuite hostname="ldemoin3" failures="0" tests="1" name="com.eautotest.testcases.TestCaseDemo" time="0.015" errors="0" timestamp="2024-08-20T13:46:10 IST" skipped="0">
  <testcase classname="com.eautotest.testcases.TestCaseDemo" name="testcheck" time="0.015"/>
</testsuite> <!-- com.eautotest.testcases.TestCaseDemo -->
