<?xml version="1.0" encoding="UTF-8"?>
<!-- Generated by org.testng.reporters.JUnitReportReporter -->
<testsuite hostname="ldemoin3" failures="0" tests="1" name="com.eautotest.testcases.PaymentTestCase" time="14.187" errors="0" timestamp="2024-08-26T20:15:27 IST" skipped="0">
  <testcase classname="com.eautotest.testcases.PaymentTestCase" name="testcourses" time="14.187"/>
</testsuite> <!-- com.eautotest.testcases.PaymentTestCase -->
