<?xml version="1.0" encoding="UTF-8"?>
<!-- Generated by org.testng.reporters.JUnitReportReporter -->
<testsuite hostname="ldemoin3" failures="0" tests="1" name="com.eautotest.testcases.DashBoardTestCase" time="17.415" errors="0" timestamp="2024-08-26T20:13:47 IST" skipped="0">
  <testcase classname="com.eautotest.testcases.DashBoardTestCase" name="testcourses" time="17.415"/>
</testsuite> <!-- com.eautotest.testcases.DashBoardTestCase -->
